[03:50:40] [ServerMain/INFO]: Environment: Environment[sessionHost=https://sessionserver.mojang.com, servicesHost=https://api.minecraftservices.com, name=PROD]
[03:50:41] [ServerMain/INFO]: No existing world data, creating new world
[03:50:42] [ServerMain/INFO]: Loaded 1373 recipes
[03:50:42] [ServerMain/INFO]: Loaded 1484 advancements
[03:50:42] [Server thread/INFO]: Starting minecraft server version 1.21.5
[03:50:42] [Server thread/INFO]: Loading properties
[03:50:42] [Server thread/INFO]: Default game type: SURVIVAL
[03:50:42] [Server thread/INFO]: Generating keypair
[03:50:42] [Server thread/INFO]: Starting Minecraft server on *:25565
[03:50:42] [Server thread/INFO]: Using epoll channel type
[03:50:42] [Server thread/WARN]: **** SERVER IS RUNNING IN OFFLINE/INSECURE MODE!
[03:50:42] [Server thread/WARN]: The server will make no attempt to authenticate usernames. Beware.
[03:50:42] [Server thread/WARN]: While this makes the game possible to play without internet access, it also opens up the ability for hackers to connect with any username they choose.
[03:50:42] [Server thread/WARN]: To change this, set "online-mode" to "true" in the server.properties file.
[03:50:42] [Server thread/INFO]: Preparing level "world"
[03:50:49] [Server thread/INFO]: Preparing start region for dimension minecraft:overworld
[03:50:49] [Worker-Main-3/INFO]: Preparing spawn area: 2%
[03:50:50] [Worker-Main-3/INFO]: Preparing spawn area: 2%
[03:50:50] [Worker-Main-2/INFO]: Preparing spawn area: 2%
[03:50:51] [Worker-Main-2/INFO]: Preparing spawn area: 18%
[03:50:51] [Worker-Main-2/INFO]: Preparing spawn area: 18%
[03:50:52] [Worker-Main-1/INFO]: Preparing spawn area: 18%
[03:50:52] [Worker-Main-1/INFO]: Preparing spawn area: 51%
[03:50:53] [Worker-Main-3/INFO]: Preparing spawn area: 51%
[03:50:53] [Worker-Main-2/INFO]: Preparing spawn area: 51%
[03:50:53] [Server thread/INFO]: Time elapsed: 4062 ms
[03:50:53] [Server thread/INFO]: Done (10.962s)! For help, type "help"
[03:51:53] [Server thread/INFO]: Server empty for 60 seconds, pausing
[03:53:01] [Server thread/INFO]: Poteiro_1[/127.213.84.82:50007] logged in with entity id 1 at (4.5, 66.0, 5.5)
[03:53:01] [Server thread/INFO]: Poteiro_1 joined the game
[03:55:13] [Server thread/INFO]: Poteiro_1 lost connection: Disconnected
[03:55:13] [Server thread/INFO]: Poteiro_1 left the game
[03:56:03] [Server thread/INFO]: Stopping the server
[03:56:03] [Server thread/INFO]: Stopping server
[03:56:03] [Server thread/INFO]: Saving players
[03:56:03] [Server thread/INFO]: Saving worlds
[03:56:03] [Server thread/INFO]: Saving chunks for level 'ServerLevel[world]'/minecraft:overworld
[03:56:03] [Server thread/INFO]: Saving chunks for level 'ServerLevel[world]'/minecraft:the_end
[03:56:03] [Server thread/INFO]: Saving chunks for level 'ServerLevel[world]'/minecraft:the_nether
[03:56:03] [Server thread/INFO]: ThreadedAnvilChunkStorage (world): All chunks are saved
[03:56:03] [Server thread/INFO]: ThreadedAnvilChunkStorage (DIM1): All chunks are saved
[03:56:03] [Server thread/INFO]: ThreadedAnvilChunkStorage (DIM-1): All chunks are saved
[03:56:03] [Server thread/INFO]: ThreadedAnvilChunkStorage: All dimensions are saved
